<?xml version="1.0" encoding="UTF-8"?>
<testng-results skipped="0" failed="0" total="2" passed="2">
  <reporter-output>
  </reporter-output>
  <suite name="Command line suite" duration-ms="56" started-at="2014-04-08T13:09:36Z" finished-at="2014-04-08T13:09:36Z">
    <groups>
    </groups>
    <test name="Command line test" duration-ms="56" started-at="2014-04-08T13:09:36Z" finished-at="2014-04-08T13:09:36Z">
      <class name="uk.pcn.invoice.util.PCNUtilTest">
        <test-method status="PASS" signature="testLodonPostCodeCheck()" name="testLodonPostCodeCheck" duration-ms="5" started-at="2014-04-08T13:09:36Z" finished-at="2014-04-08T13:09:36Z">
        </test-method> <!-- testLodonPostCodeCheck -->
      </class> <!-- uk.pcn.invoice.util.PCNUtilTest -->
      <class name="uk.pcn.invoice.util.XMLUtillTest">
        <test-method status="PASS" signature="test()" name="test" duration-ms="16" started-at="2014-04-08T13:09:36Z" finished-at="2014-04-08T13:09:36Z">
        </test-method> <!-- test -->
      </class> <!-- uk.pcn.invoice.util.XMLUtillTest -->
    </test> <!-- Command line test -->
  </suite> <!-- Command line suite -->
</testng-results>
