<?xml version="1.0" encoding="UTF-8"?>
<!-- Generated by org.testng.reporters.JUnitXMLReporter -->
<testsuite hostname="sys" name="Command line test" tests="2" failures="0" timestamp="8 Apr 2014 12:09:36 GMT" time="0.056" errors="0">
  <testcase name="test on test(uk.pcn.invoice.util.XMLUtillTest)" time="0.016" classname="uk.pcn.invoice.util.XMLUtillTest"/>
  <testcase name="testLodonPostCodeCheck on testLodonPostCodeCheck(uk.pcn.invoice.util.PCNUtilTest)" time="0.005" classname="uk.pcn.invoice.util.PCNUtilTest"/>
</testsuite> <!-- Command line test -->
