<?xml version="1.0" encoding="UTF-8"?>
<!-- Generated by org.testng.reporters.JUnitXMLReporter -->
<testsuite hostname="sys" name="Command line test" tests="2" failures="0" timestamp="28 Mar 2014 16:34:29 GMT" time="0.064" errors="0">
  <testcase name="testgetClassPath on testgetClassPath(uk.pcn.invoice.util.FileUtilTest)" time="0.025" classname="uk.pcn.invoice.util.FileUtilTest"/>
  <testcase name="testLodonPostCodeCheck on testLodonPostCodeCheck(uk.pcn.invoice.util.PCNUtilTest)" time="0.003" classname="uk.pcn.invoice.util.PCNUtilTest"/>
</testsuite> <!-- Command line test -->
